{"total": {"lines":{"total":249,"covered":214,"skipped":0,"pct":85.94},"statements":{"total":278,"covered":243,"skipped":0,"pct":87.41},"functions":{"total":55,"covered":49,"skipped":0,"pct":89.09},"branches":{"total":113,"covered":92,"skipped":0,"pct":81.41},"branchesTrue":{"total":0,"covered":0,"skipped":0,"pct":"Unknown"}}
,"/home/runner/work/js-cpu-bitmap-affine-transformations/js-cpu-bitmap-affine-transformations/src/augmented-matrix.mjs": {"lines":{"total":49,"covered":48,"skipped":0,"pct":97.95},"functions":{"total":9,"covered":9,"skipped":0,"pct":100},"statements":{"total":52,"covered":51,"skipped":0,"pct":98.07},"branches":{"total":16,"covered":15,"skipped":0,"pct":93.75}}
,"/home/runner/work/js-cpu-bitmap-affine-transformations/js-cpu-bitmap-affine-transformations/src/bitmap.mjs": {"lines":{"total":27,"covered":8,"skipped":0,"pct":29.62},"functions":{"total":5,"covered":2,"skipped":0,"pct":40},"statements":{"total":27,"covered":8,"skipped":0,"pct":29.62},"branches":{"total":10,"covered":6,"skipped":0,"pct":60}}
,"/home/runner/work/js-cpu-bitmap-affine-transformations/js-cpu-bitmap-affine-transformations/src/matrix.mjs": {"lines":{"total":113,"covered":102,"skipped":0,"pct":90.26},"functions":{"total":23,"covered":23,"skipped":0,"pct":100},"statements":{"total":133,"covered":122,"skipped":0,"pct":91.72},"branches":{"total":69,"covered":58,"skipped":0,"pct":84.05}}
,"/home/runner/work/js-cpu-bitmap-affine-transformations/js-cpu-bitmap-affine-transformations/src/transform.mjs": {"lines":{"total":60,"covered":56,"skipped":0,"pct":93.33},"functions":{"total":18,"covered":15,"skipped":0,"pct":83.33},"statements":{"total":66,"covered":62,"skipped":0,"pct":93.93},"branches":{"total":18,"covered":13,"skipped":0,"pct":72.22}}
}
