TN:
SF:src/augmented-matrix.mjs
FN:9,(anonymous_0)
FN:22,(anonymous_1)
FN:32,(anonymous_2)
FN:41,(anonymous_3)
FN:51,(anonymous_4)
FN:60,(anonymous_5)
FN:69,(anonymous_6)
FN:75,(anonymous_7)
FN:103,(anonymous_8)
FNF:9
FNH:9
FNDA:445,(anonymous_0)
FNDA:297,(anonymous_1)
FNDA:187,(anonymous_2)
FNDA:124,(anonymous_3)
FNDA:3,(anonymous_4)
FNDA:124,(anonymous_5)
FNDA:110,(anonymous_6)
FNDA:228,(anonymous_7)
FNDA:24,(anonymous_8)
DA:10,445
DA:11,0
DA:13,445
DA:14,445
DA:23,297
DA:24,297
DA:25,297
DA:33,187
DA:34,187
DA:42,124
DA:43,124
DA:52,3
DA:53,3
DA:61,124
DA:70,110
DA:75,110
DA:76,228
DA:77,103
DA:79,125
DA:81,110
DA:82,110
DA:83,110
DA:84,6
DA:86,104
DA:87,124
DA:88,124
DA:89,124
DA:90,124
DA:91,124
DA:104,24
DA:105,24
DA:106,24
DA:107,24
DA:109,24
DA:110,71
DA:111,71
DA:112,71
DA:114,8
DA:116,63
DA:117,3
DA:118,3
DA:119,3
DA:121,63
DA:122,63
DA:123,63
DA:124,63
DA:127,24
DA:128,47
DA:130,24
LF:49
LH:48
BRDA:10,0,0,0
BRDA:10,0,1,445
BRDA:10,1,0,445
BRDA:10,1,1,433
BRDA:14,2,0,445
BRDA:14,2,1,12
BRDA:70,3,0,47
BRDA:70,3,1,63
BRDA:76,4,0,103
BRDA:76,4,1,125
BRDA:83,5,0,6
BRDA:83,5,1,104
BRDA:112,6,0,8
BRDA:112,6,1,63
BRDA:116,7,0,3
BRDA:116,7,1,60
BRF:16
BRH:15
end_of_record
TN:
SF:src/bitmap.mjs
FN:7,getBitmapFromImageSource
FN:22,getBitmap
FN:35,imageDataToImage
FN:51,getPixel
FN:64,setPixel
FNF:5
FNH:2
FNDA:0,getBitmapFromImageSource
FNDA:0,getBitmap
FNDA:0,imageDataToImage
FNDA:37,getPixel
FNDA:25,setPixel
DA:8,0
DA:9,0
DA:10,0
DA:11,0
DA:12,0
DA:13,0
DA:14,0
DA:23,0
DA:24,0
DA:25,0
DA:26,0
DA:36,0
DA:37,0
DA:38,0
DA:39,0
DA:40,0
DA:41,0
DA:52,37
DA:53,37
DA:54,37
DA:65,25
DA:66,0
DA:68,25
DA:69,0
DA:71,25
DA:72,25
DA:73,25
LF:27
LH:8
BRDA:24,0,0,0
BRDA:24,0,1,0
BRDA:65,1,0,0
BRDA:65,1,1,25
BRDA:65,2,0,25
BRDA:65,2,1,25
BRDA:68,3,0,0
BRDA:68,3,1,25
BRDA:68,4,0,25
BRDA:68,4,1,25
BRF:10
BRH:6
end_of_record
TN:
SF:src/matrix.mjs
FN:13,(anonymous_0)
FN:34,(anonymous_1)
FN:45,(anonymous_2)
FN:55,(anonymous_3)
FN:67,(anonymous_4)
FN:78,(anonymous_5)
FN:114,(anonymous_6)
FN:145,(anonymous_7)
FN:161,(anonymous_8)
FN:179,(anonymous_9)
FN:188,(anonymous_10)
FN:199,(anonymous_11)
FN:203,(anonymous_12)
FN:207,(anonymous_13)
FN:211,(anonymous_14)
FN:228,(anonymous_15)
FN:236,(anonymous_16)
FN:253,(anonymous_17)
FN:262,(anonymous_18)
FN:266,(anonymous_19)
FN:284,(anonymous_20)
FN:291,(anonymous_21)
FN:299,(anonymous_22)
FNF:23
FNH:23
FNDA:1556,(anonymous_0)
FNDA:5897,(anonymous_1)
FNDA:5897,(anonymous_2)
FNDA:4159,(anonymous_3)
FNDA:1738,(anonymous_4)
FNDA:429,(anonymous_5)
FNDA:250,(anonymous_6)
FNDA:12,(anonymous_7)
FNDA:6,(anonymous_8)
FNDA:1136,(anonymous_9)
FNDA:267,(anonymous_10)
FNDA:6,(anonymous_11)
FNDA:795,(anonymous_12)
FNDA:795,(anonymous_13)
FNDA:6,(anonymous_14)
FNDA:71,(anonymous_15)
FNDA:12,(anonymous_16)
FNDA:8,(anonymous_17)
FNDA:274,(anonymous_18)
FNDA:4,(anonymous_19)
FNDA:11193,(anonymous_20)
FNDA:11584,(anonymous_21)
FNDA:8,(anonymous_22)
DA:14,1556
DA:15,1556
DA:16,1556
DA:17,52
DA:19,1556
DA:20,342
DA:22,1556
DA:23,1556
DA:24,1556
DA:25,1556
DA:35,5897
DA:36,0
DA:46,5897
DA:56,4159
DA:57,4159
DA:68,1738
DA:69,1738
DA:79,429
DA:80,375
DA:81,375
DA:82,377
DA:83,799
DA:86,375
DA:88,54
DA:89,0
DA:91,54
DA:92,0
DA:94,54
DA:95,0
DA:97,54
DA:98,54
DA:99,162
DA:100,264
DA:101,264
DA:102,264
DA:105,54
DA:115,250
DA:116,0
DA:118,250
DA:119,250
DA:120,1
DA:121,3
DA:122,9
DA:125,1
DA:127,249
DA:128,0
DA:130,249
DA:131,0
DA:133,249
DA:134,251
DA:135,533
DA:138,249
DA:146,12
DA:147,0
DA:149,12
DA:150,12
DA:151,36
DA:162,6
DA:163,6
DA:164,6
DA:165,6
DA:166,6
DA:180,1136
DA:197,267
DA:198,2
DA:199,6
DA:201,267
DA:202,265
DA:203,795
DA:205,267
DA:206,265
DA:207,795
DA:209,267
DA:210,2
DA:211,6
DA:213,267
DA:214,0
DA:216,267
DA:217,267
DA:218,801
DA:220,267
DA:229,71
DA:230,82
DA:231,63
DA:237,12
DA:238,0
DA:240,12
DA:241,12
DA:242,12
DA:243,12
DA:244,36
DA:246,12
DA:254,8
DA:255,0
DA:257,8
DA:258,8
DA:259,8
DA:263,274
DA:267,4
DA:268,4
DA:269,8
DA:270,8
DA:271,12
DA:272,4
DA:274,12
DA:276,8
DA:278,4
DA:285,11193
DA:292,11584
DA:300,8
DA:301,8
DA:302,23
DA:304,8
LF:113
LH:102
BRDA:13,0,0,52
BRDA:13,1,0,146
BRDA:13,2,0,146
BRDA:13,3,0,146
BRDA:16,4,0,52
BRDA:16,4,1,1504
BRDA:19,5,0,342
BRDA:19,5,1,1214
BRDA:35,6,0,0
BRDA:35,6,1,5897
BRDA:35,7,0,5897
BRDA:35,7,1,5897
BRDA:35,7,2,5897
BRDA:35,7,3,5897
BRDA:79,8,0,375
BRDA:79,8,1,54
BRDA:80,9,0,375
BRDA:80,9,1,1
BRDA:88,10,0,0
BRDA:88,10,1,54
BRDA:91,11,0,0
BRDA:91,11,1,54
BRDA:94,12,0,0
BRDA:94,12,1,54
BRDA:94,13,0,54
BRDA:94,13,1,25
BRDA:94,13,2,25
BRDA:97,14,0,54
BRDA:97,14,1,29
BRDA:115,15,0,0
BRDA:115,15,1,250
BRDA:115,16,0,250
BRDA:115,16,1,248
BRDA:115,16,2,248
BRDA:118,17,0,250
BRDA:118,17,1,2
BRDA:119,18,0,1
BRDA:119,18,1,249
BRDA:127,19,0,0
BRDA:127,19,1,249
BRDA:130,20,0,0
BRDA:130,20,1,249
BRDA:130,21,0,249
BRDA:130,21,1,249
BRDA:146,22,0,0
BRDA:146,22,1,12
BRDA:146,23,0,12
BRDA:146,23,1,12
BRDA:197,24,0,2
BRDA:197,24,1,265
BRDA:201,25,0,265
BRDA:201,25,1,2
BRDA:205,26,0,265
BRDA:205,26,1,2
BRDA:209,27,0,2
BRDA:209,27,1,265
BRDA:213,28,0,0
BRDA:213,28,1,267
BRDA:213,29,0,267
BRDA:213,29,1,267
BRDA:213,29,2,267
BRDA:230,30,0,63
BRDA:230,30,1,19
BRDA:237,31,0,0
BRDA:237,31,1,12
BRDA:254,32,0,0
BRDA:254,32,1,8
BRDA:271,33,0,4
BRDA:271,33,1,8
BRF:69
BRH:58
end_of_record
TN:
SF:src/transform.mjs
FN:9,scale
FN:24,rotate
FN:38,translate
FN:50,parseTransformCommands
FN:72,(anonymous_4)
FN:76,(anonymous_5)
FN:82,(anonymous_6)
FN:86,(anonymous_7)
FN:97,isValidCommand
FN:106,computeTransformMatrix
FN:131,computeBoundingBox
FN:132,(anonymous_11)
FN:133,(anonymous_12)
FN:134,(anonymous_13)
FN:135,(anonymous_14)
FN:149,transform
FN:176,(anonymous_16)
FN:176,(anonymous_17)
FNF:18
FNH:15
FNDA:13,scale
FNDA:5,rotate
FNDA:2,translate
FNDA:12,parseTransformCommands
FNDA:1,(anonymous_4)
FNDA:0,(anonymous_5)
FNDA:0,(anonymous_6)
FNDA:0,(anonymous_7)
FNDA:13,isValidCommand
FNDA:7,computeTransformMatrix
FNDA:3,computeBoundingBox
FNDA:12,(anonymous_11)
FNDA:12,(anonymous_12)
FNDA:12,(anonymous_13)
FNDA:12,(anonymous_14)
FNDA:3,transform
FNDA:12,(anonymous_16)
FNDA:12,(anonymous_17)
DA:10,13
DA:11,5
DA:13,13
DA:25,5
DA:26,5
DA:39,2
DA:51,12
DA:52,12
DA:53,12
DA:54,22
DA:55,22
DA:56,22
DA:57,27
DA:59,22
DA:64,12
DA:67,1
DA:72,1
DA:76,0
DA:82,0
DA:86,0
DA:98,13
DA:107,7
DA:108,7
DA:109,13
DA:110,0
DA:115,13
DA:116,13
DA:118,7
DA:132,12
DA:133,12
DA:134,12
DA:135,12
DA:136,3
DA:150,3
DA:151,3
DA:153,3
DA:154,3
DA:155,3
DA:176,12
DA:177,12
DA:178,12
DA:179,12
DA:182,3
DA:184,3
DA:185,3
DA:187,2
DA:194,1
DA:195,1
DA:200,1
DA:206,1
DA:207,5
DA:208,25
DA:209,25
DA:211,25
DA:213,25
DA:214,25
DA:215,25
DA:216,25
DA:217,25
DA:222,1
LF:60
LH:56
BRDA:10,0,0,5
BRDA:10,0,1,8
BRDA:109,1,0,0
BRDA:109,1,1,13
BRDA:150,2,0,3
BRDA:150,2,1,0
BRDA:184,3,0,3
BRDA:184,3,1,0
BRDA:184,4,0,3
BRDA:184,4,1,0
BRDA:185,5,0,2
BRDA:185,5,1,1
BRDA:215,6,0,25
BRDA:215,6,1,25
BRDA:215,6,2,25
BRDA:215,6,3,25
BRDA:216,7,0,25
BRDA:216,7,1,0
BRF:18
BRH:13
end_of_record
